2025-10-30T19:09:56.980-06:00  INFO 54498 --- [addressable] [restartedMain] c.s.addressable.AddressableApplication   : Starting AddressableApplication using Java 24.0.2 with PID 54498 (/Users/seanjefferies/workspace/addressable/target/classes started by seanjefferies in /Users/seanjefferies/workspace/addressable)
2025-10-30T19:09:56.981-06:00  INFO 54498 --- [addressable] [restartedMain] c.s.addressable.AddressableApplication   : No active profile set, falling back to 1 default profile: "default"
2025-10-30T19:09:56.997-06:00  INFO 54498 --- [addressable] [restartedMain] .e.DevToolsPropertyDefaultsPostProcessor : Devtools property defaults active! Set 'spring.devtools.add-properties' to 'false' to disable
2025-10-30T19:09:56.998-06:00  INFO 54498 --- [addressable] [restartedMain] .e.DevToolsPropertyDefaultsPostProcessor : For additional web related logging consider setting the 'logging.level.web' property to 'DEBUG'
2025-10-30T19:09:57.176-06:00  INFO 54498 --- [addressable] [restartedMain] .s.d.r.c.RepositoryConfigurationDelegate : Bootstrapping Spring Data JPA repositories in DEFAULT mode.
2025-10-30T19:09:57.198-06:00  INFO 54498 --- [addressable] [restartedMain] .s.d.r.c.RepositoryConfigurationDelegate : Finished Spring Data repository scanning in 18 ms. Found 1 JPA repository interface.
2025-10-30T19:09:57.331-06:00  INFO 54498 --- [addressable] [restartedMain] o.s.b.w.embedded.tomcat.TomcatWebServer  : Tomcat initialized with port 8080 (http)
2025-10-30T19:09:57.336-06:00  INFO 54498 --- [addressable] [restartedMain] o.apache.catalina.core.StandardService   : Starting service [Tomcat]
2025-10-30T19:09:57.336-06:00  INFO 54498 --- [addressable] [restartedMain] o.apache.catalina.core.StandardEngine    : Starting Servlet engine: [Apache Tomcat/10.1.48]
2025-10-30T19:09:57.346-06:00  INFO 54498 --- [addressable] [restartedMain] o.a.c.c.C.[Tomcat].[localhost].[/]       : Initializing Spring embedded WebApplicationContext
2025-10-30T19:09:57.346-06:00  INFO 54498 --- [addressable] [restartedMain] w.s.c.ServletWebServerApplicationContext : Root WebApplicationContext: initialization completed in 348 ms
2025-10-30T19:09:57.399-06:00  INFO 54498 --- [addressable] [restartedMain] o.hibernate.jpa.internal.util.LogHelper  : HHH000204: Processing PersistenceUnitInfo [name: default]
2025-10-30T19:09:57.417-06:00  INFO 54498 --- [addressable] [restartedMain] org.hibernate.Version                    : HHH000412: Hibernate ORM core version 6.6.33.Final
2025-10-30T19:09:57.427-06:00  INFO 54498 --- [addressable] [restartedMain] o.h.c.internal.RegionFactoryInitiator    : HHH000026: Second-level cache disabled
2025-10-30T19:09:57.516-06:00  INFO 54498 --- [addressable] [restartedMain] o.s.o.j.p.SpringPersistenceUnitInfo      : No LoadTimeWeaver setup: ignoring JPA class transformer
2025-10-30T19:09:57.524-06:00  INFO 54498 --- [addressable] [restartedMain] com.zaxxer.hikari.HikariDataSource       : HikariPool-1 - Starting...
2025-10-30T19:09:57.764-06:00  INFO 54498 --- [addressable] [restartedMain] com.zaxxer.hikari.pool.HikariPool        : HikariPool-1 - Added connection org.sqlite.jdbc4.JDBC4Connection@6589ddfa
2025-10-30T19:09:57.765-06:00  INFO 54498 --- [addressable] [restartedMain] com.zaxxer.hikari.HikariDataSource       : HikariPool-1 - Start completed.
2025-10-30T19:09:57.778-06:00  INFO 54498 --- [addressable] [restartedMain] org.hibernate.orm.connections.pooling    : HHH10001005: Database info:
	Database JDBC URL [Connecting through datasource 'HikariDataSource (HikariPool-1)']
	Database driver: undefined/unknown
	Database version: 3.45
	Autocommit mode: undefined/unknown
	Isolation level: undefined/unknown
	Minimum pool size: undefined/unknown
	Maximum pool size: undefined/unknown
2025-10-30T19:09:57.976-06:00  INFO 54498 --- [addressable] [restartedMain] o.h.e.t.j.p.i.JtaPlatformInitiator       : HHH000489: No JTA platform available (set 'hibernate.transaction.jta.platform' to enable JTA platform integration)
2025-10-30T19:09:57.986-06:00  INFO 54498 --- [addressable] [restartedMain] j.LocalContainerEntityManagerFactoryBean : Initialized JPA EntityManagerFactory for persistence unit 'default'
2025-10-30T19:09:58.064-06:00  INFO 54498 --- [addressable] [restartedMain] o.s.d.j.r.query.QueryEnhancerFactory     : Hibernate is in classpath; If applicable, HQL parser will be used.
2025-10-30T19:09:58.450-06:00  WARN 54498 --- [addressable] [restartedMain] JpaBaseConfiguration$JpaWebConfiguration : spring.jpa.open-in-view is enabled by default. Therefore, database queries may be performed during view rendering. Explicitly configure spring.jpa.open-in-view to disable this warning
2025-10-30T19:09:58.552-06:00  INFO 54498 --- [addressable] [restartedMain] o.s.b.d.a.OptionalLiveReloadServer       : LiveReload server is running on port 35729
2025-10-30T19:09:58.564-06:00  INFO 54498 --- [addressable] [restartedMain] o.s.b.w.embedded.tomcat.TomcatWebServer  : Tomcat started on port 8080 (http) with context path '/'
2025-10-30T19:09:58.568-06:00  INFO 54498 --- [addressable] [restartedMain] c.s.addressable.AddressableApplication   : Started AddressableApplication in 1.712 seconds (process running for 1.918)
2025-10-30T19:09:58.569-06:00  INFO 54498 --- [addressable] [restartedMain] c.s.addressable.util.InitializeData      : Initializing Addressible application...
2025-10-30T19:10:57.477-06:00  INFO 54498 --- [addressable] [File Watcher] rtingClassPathChangeChangedEventListener : Restarting due to 1 class path change (0 additions, 0 deletions, 1 modification)
2025-10-30T19:10:57.483-06:00  INFO 54498 --- [addressable] [Thread-5] o.s.b.w.e.tomcat.GracefulShutdown        : Commencing graceful shutdown. Waiting for active requests to complete
2025-10-30T19:10:57.490-06:00  INFO 54498 --- [addressable] [tomcat-shutdown] o.s.b.w.e.tomcat.GracefulShutdown        : Graceful shutdown complete
2025-10-30T19:10:57.496-06:00  INFO 54498 --- [addressable] [Thread-5] j.LocalContainerEntityManagerFactoryBean : Closing JPA EntityManagerFactory for persistence unit 'default'
2025-10-30T19:10:57.500-06:00  INFO 54498 --- [addressable] [Thread-5] com.zaxxer.hikari.HikariDataSource       : HikariPool-1 - Shutdown initiated...
2025-10-30T19:10:57.501-06:00  INFO 54498 --- [addressable] [Thread-5] com.zaxxer.hikari.HikariDataSource       : HikariPool-1 - Shutdown completed.
2025-10-30T19:10:57.571-06:00  INFO 54498 --- [addressable] [restartedMain] c.s.addressable.AddressableApplication   : Starting AddressableApplication using Java 24.0.2 with PID 54498 (/Users/seanjefferies/workspace/addressable/target/classes started by seanjefferies in /Users/seanjefferies/workspace/addressable)
2025-10-30T19:10:57.571-06:00  INFO 54498 --- [addressable] [restartedMain] c.s.addressable.AddressableApplication   : No active profile set, falling back to 1 default profile: "default"
2025-10-30T19:10:57.609-06:00  INFO 54498 --- [addressable] [restartedMain] .s.d.r.c.RepositoryConfigurationDelegate : Bootstrapping Spring Data JPA repositories in DEFAULT mode.
2025-10-30T19:10:57.612-06:00  INFO 54498 --- [addressable] [restartedMain] .s.d.r.c.RepositoryConfigurationDelegate : Finished Spring Data repository scanning in 2 ms. Found 1 JPA repository interface.
2025-10-30T19:10:57.637-06:00  INFO 54498 --- [addressable] [restartedMain] o.s.b.w.embedded.tomcat.TomcatWebServer  : Tomcat initialized with port 8080 (http)
2025-10-30T19:10:57.637-06:00  INFO 54498 --- [addressable] [restartedMain] o.apache.catalina.core.StandardService   : Starting service [Tomcat]
2025-10-30T19:10:57.637-06:00  INFO 54498 --- [addressable] [restartedMain] o.apache.catalina.core.StandardEngine    : Starting Servlet engine: [Apache Tomcat/10.1.48]
2025-10-30T19:10:57.639-06:00  INFO 54498 --- [addressable] [restartedMain] o.a.c.c.C.[Tomcat].[localhost].[/]       : Initializing Spring embedded WebApplicationContext
2025-10-30T19:10:57.640-06:00  INFO 54498 --- [addressable] [restartedMain] w.s.c.ServletWebServerApplicationContext : Root WebApplicationContext: initialization completed in 68 ms
2025-10-30T19:10:57.649-06:00  INFO 54498 --- [addressable] [restartedMain] o.hibernate.jpa.internal.util.LogHelper  : HHH000204: Processing PersistenceUnitInfo [name: default]
2025-10-30T19:10:57.650-06:00  INFO 54498 --- [addressable] [restartedMain] o.h.c.internal.RegionFactoryInitiator    : HHH000026: Second-level cache disabled
2025-10-30T19:10:57.652-06:00  INFO 54498 --- [addressable] [restartedMain] o.s.o.j.p.SpringPersistenceUnitInfo      : No LoadTimeWeaver setup: ignoring JPA class transformer
2025-10-30T19:10:57.653-06:00  INFO 54498 --- [addressable] [restartedMain] com.zaxxer.hikari.HikariDataSource       : HikariPool-2 - Starting...
2025-10-30T19:10:57.653-06:00  INFO 54498 --- [addressable] [restartedMain] com.zaxxer.hikari.pool.HikariPool        : HikariPool-2 - Added connection org.sqlite.jdbc4.JDBC4Connection@5a289f79
2025-10-30T19:10:57.653-06:00  INFO 54498 --- [addressable] [restartedMain] com.zaxxer.hikari.HikariDataSource       : HikariPool-2 - Start completed.
2025-10-30T19:10:57.654-06:00  INFO 54498 --- [addressable] [restartedMain] org.hibernate.orm.connections.pooling    : HHH10001005: Database info:
	Database JDBC URL [Connecting through datasource 'HikariDataSource (HikariPool-2)']
	Database driver: undefined/unknown
	Database version: 3.45
	Autocommit mode: undefined/unknown
	Isolation level: undefined/unknown
	Minimum pool size: undefined/unknown
	Maximum pool size: undefined/unknown
2025-10-30T19:10:57.664-06:00  INFO 54498 --- [addressable] [restartedMain] o.h.e.t.j.p.i.JtaPlatformInitiator       : HHH000489: No JTA platform available (set 'hibernate.transaction.jta.platform' to enable JTA platform integration)
2025-10-30T19:10:57.665-06:00  INFO 54498 --- [addressable] [restartedMain] j.LocalContainerEntityManagerFactoryBean : Initialized JPA EntityManagerFactory for persistence unit 'default'
2025-10-30T19:10:57.684-06:00  WARN 54498 --- [addressable] [restartedMain] JpaBaseConfiguration$JpaWebConfiguration : spring.jpa.open-in-view is enabled by default. Therefore, database queries may be performed during view rendering. Explicitly configure spring.jpa.open-in-view to disable this warning
2025-10-30T19:10:57.713-06:00  INFO 54498 --- [addressable] [restartedMain] o.s.b.d.a.OptionalLiveReloadServer       : LiveReload server is running on port 35729
2025-10-30T19:10:57.717-06:00  INFO 54498 --- [addressable] [restartedMain] o.s.b.w.embedded.tomcat.TomcatWebServer  : Tomcat started on port 8080 (http) with context path '/'
2025-10-30T19:10:57.719-06:00  INFO 54498 --- [addressable] [restartedMain] c.s.addressable.AddressableApplication   : Started AddressableApplication in 0.156 seconds (process running for 61.069)
2025-10-30T19:10:57.719-06:00  INFO 54498 --- [addressable] [restartedMain] c.s.addressable.util.InitializeData      : Initializing Addressible application...
2025-10-30T19:10:58.558-06:00  INFO 54498 --- [addressable] [restartedMain] .ConditionEvaluationDeltaLoggingListener : Condition evaluation unchanged
2025-10-30T19:14:14.307-06:00  INFO 54498 --- [addressable] [SpringApplicationShutdownHook] o.s.b.w.e.tomcat.GracefulShutdown        : Commencing graceful shutdown. Waiting for active requests to complete
2025-10-30T19:14:14.309-06:00  INFO 54498 --- [addressable] [tomcat-shutdown] o.s.b.w.e.tomcat.GracefulShutdown        : Graceful shutdown complete
2025-10-30T19:14:14.310-06:00  INFO 54498 --- [addressable] [SpringApplicationShutdownHook] j.LocalContainerEntityManagerFactoryBean : Closing JPA EntityManagerFactory for persistence unit 'default'
2025-10-30T19:14:14.310-06:00  INFO 54498 --- [addressable] [SpringApplicationShutdownHook] com.zaxxer.hikari.HikariDataSource       : HikariPool-2 - Shutdown initiated...
2025-10-30T19:14:14.310-06:00  INFO 54498 --- [addressable] [SpringApplicationShutdownHook] com.zaxxer.hikari.HikariDataSource       : HikariPool-2 - Shutdown completed.
