2025-10-30 22:28:53|INFO|com.seanjefferies.addressable.AddressableApplication|Starting AddressableApplication using Java 24.0.2 with PID 57188 (/Users/seanjefferies/workspace/addressable/target/classes started by seanjefferies in /Users/seanjefferies/workspace/addressable)
2025-10-30 22:28:53|INFO|com.seanjefferies.addressable.AddressableApplication|No active profile set, falling back to 1 default profile: "default"
2025-10-30 22:28:53|INFO|org.springframework.data.repository.config.RepositoryConfigurationDelegate|Bootstrapping Spring Data JPA repositories in DEFAULT mode.
2025-10-30 22:28:53|INFO|org.springframework.data.repository.config.RepositoryConfigurationDelegate|Finished Spring Data repository scanning in 2 ms. Found 2 JPA repository interfaces.
2025-10-30 22:28:53|INFO|org.springframework.boot.web.embedded.tomcat.TomcatWebServer|Tomcat initialized with port 8080 (http)
2025-10-30 22:28:53|INFO|org.apache.catalina.core.StandardService|Starting service [Tomcat]
2025-10-30 22:28:53|INFO|org.apache.catalina.core.StandardEngine|Starting Servlet engine: [Apache Tomcat/10.1.48]
2025-10-30 22:28:53|INFO|org.apache.catalina.core.ContainerBase.[Tomcat].[localhost].[/]|Initializing Spring embedded WebApplicationContext
2025-10-30 22:28:53|INFO|org.springframework.boot.web.servlet.context.ServletWebServerApplicationContext|Root WebApplicationContext: initialization completed in 75 ms
2025-10-30 22:28:53|INFO|org.hibernate.jpa.internal.util.LogHelper|HHH000204: Processing PersistenceUnitInfo [name: default]
2025-10-30 22:28:53|INFO|org.hibernate.cache.internal.RegionFactoryInitiator|HHH000026: Second-level cache disabled
2025-10-30 22:28:53|INFO|org.springframework.orm.jpa.persistenceunit.SpringPersistenceUnitInfo|No LoadTimeWeaver setup: ignoring JPA class transformer
2025-10-30 22:28:53|INFO|com.zaxxer.hikari.HikariDataSource|HikariPool-2 - Starting...
2025-10-30 22:28:53|INFO|com.zaxxer.hikari.pool.HikariPool|HikariPool-2 - Added connection org.sqlite.jdbc4.JDBC4Connection@5fdf7569
2025-10-30 22:28:53|INFO|com.zaxxer.hikari.HikariDataSource|HikariPool-2 - Start completed.
2025-10-30 22:28:53|INFO|org.hibernate.orm.connections.pooling|HHH10001005: Database info:
	Database JDBC URL [Connecting through datasource 'HikariDataSource (HikariPool-2)']
	Database driver: undefined/unknown
	Database version: 3.45
	Autocommit mode: undefined/unknown
	Isolation level: undefined/unknown
	Minimum pool size: undefined/unknown
	Maximum pool size: undefined/unknown
2025-10-30 22:28:53|INFO|org.hibernate.engine.transaction.jta.platform.internal.JtaPlatformInitiator|HHH000489: No JTA platform available (set 'hibernate.transaction.jta.platform' to enable JTA platform integration)
2025-10-30 22:28:53|INFO|org.springframework.orm.jpa.LocalContainerEntityManagerFactoryBean|Initialized JPA EntityManagerFactory for persistence unit 'default'
2025-10-30 22:28:53|WARN|org.springframework.boot.autoconfigure.orm.jpa.JpaBaseConfiguration$JpaWebConfiguration|spring.jpa.open-in-view is enabled by default. Therefore, database queries may be performed during view rendering. Explicitly configure spring.jpa.open-in-view to disable this warning
2025-10-30 22:28:53|INFO|org.springframework.boot.devtools.autoconfigure.OptionalLiveReloadServer|LiveReload server is running on port 35729
2025-10-30 22:28:53|INFO|org.springframework.boot.web.embedded.tomcat.TomcatWebServer|Tomcat started on port 8080 (http) with context path '/'
2025-10-30 22:28:53|INFO|com.seanjefferies.addressable.AddressableApplication|Started AddressableApplication in 0.179 seconds (process running for 530.046)
2025-10-30 22:28:53|INFO|com.seanjefferies.addressable.util.InitializeData|Initializing Addressible application...
2025-10-30 22:28:54|INFO|org.springframework.boot.devtools.autoconfigure.ConditionEvaluationDeltaLoggingListener|Condition evaluation unchanged
2025-10-30 22:45:32|INFO|org.springframework.boot.devtools.autoconfigure.LocalDevToolsAutoConfiguration$RestartingClassPathChangeChangedEventListener|Restarting due to 2 class path changes (2 additions, 0 deletions, 0 modifications)
2025-10-30 22:45:32|INFO|org.springframework.boot.web.embedded.tomcat.GracefulShutdown|Commencing graceful shutdown. Waiting for active requests to complete
2025-10-30 22:45:32|INFO|org.springframework.boot.web.embedded.tomcat.GracefulShutdown|Graceful shutdown complete
2025-10-30 22:45:32|INFO|org.springframework.orm.jpa.LocalContainerEntityManagerFactoryBean|Closing JPA EntityManagerFactory for persistence unit 'default'
2025-10-30 22:45:32|INFO|com.zaxxer.hikari.HikariDataSource|HikariPool-2 - Shutdown initiated...
2025-10-30 22:45:32|INFO|com.zaxxer.hikari.HikariDataSource|HikariPool-2 - Shutdown completed.
2025-10-30 22:45:32|INFO|com.seanjefferies.addressable.AddressableApplication|Starting AddressableApplication using Java 24.0.2 with PID 57188 (/Users/seanjefferies/workspace/addressable/target/classes started by seanjefferies in /Users/seanjefferies/workspace/addressable)
2025-10-30 22:45:32|INFO|com.seanjefferies.addressable.AddressableApplication|No active profile set, falling back to 1 default profile: "default"
2025-10-30 22:45:32|INFO|org.springframework.data.repository.config.RepositoryConfigurationDelegate|Bootstrapping Spring Data JPA repositories in DEFAULT mode.
2025-10-30 22:45:32|INFO|org.springframework.data.repository.config.RepositoryConfigurationDelegate|Finished Spring Data repository scanning in 2 ms. Found 2 JPA repository interfaces.
2025-10-30 22:45:32|INFO|org.springframework.boot.web.embedded.tomcat.TomcatWebServer|Tomcat initialized with port 8080 (http)
2025-10-30 22:45:32|INFO|org.apache.catalina.core.StandardService|Starting service [Tomcat]
2025-10-30 22:45:32|INFO|org.apache.catalina.core.StandardEngine|Starting Servlet engine: [Apache Tomcat/10.1.48]
2025-10-30 22:45:32|INFO|org.apache.catalina.core.ContainerBase.[Tomcat].[localhost].[/]|Initializing Spring embedded WebApplicationContext
2025-10-30 22:45:32|INFO|org.springframework.boot.web.servlet.context.ServletWebServerApplicationContext|Root WebApplicationContext: initialization completed in 64 ms
2025-10-30 22:45:32|INFO|org.hibernate.jpa.internal.util.LogHelper|HHH000204: Processing PersistenceUnitInfo [name: default]
2025-10-30 22:45:32|INFO|org.hibernate.cache.internal.RegionFactoryInitiator|HHH000026: Second-level cache disabled
2025-10-30 22:45:32|INFO|org.springframework.orm.jpa.persistenceunit.SpringPersistenceUnitInfo|No LoadTimeWeaver setup: ignoring JPA class transformer
2025-10-30 22:45:32|INFO|com.zaxxer.hikari.HikariDataSource|HikariPool-3 - Starting...
2025-10-30 22:45:32|INFO|com.zaxxer.hikari.pool.HikariPool|HikariPool-3 - Added connection org.sqlite.jdbc4.JDBC4Connection@2bc9aef1
2025-10-30 22:45:32|INFO|com.zaxxer.hikari.HikariDataSource|HikariPool-3 - Start completed.
2025-10-30 22:45:32|INFO|org.hibernate.orm.connections.pooling|HHH10001005: Database info:
	Database JDBC URL [Connecting through datasource 'HikariDataSource (HikariPool-3)']
	Database driver: undefined/unknown
	Database version: 3.45
	Autocommit mode: undefined/unknown
	Isolation level: undefined/unknown
	Minimum pool size: undefined/unknown
	Maximum pool size: undefined/unknown
2025-10-30 22:45:32|INFO|org.hibernate.engine.transaction.jta.platform.internal.JtaPlatformInitiator|HHH000489: No JTA platform available (set 'hibernate.transaction.jta.platform' to enable JTA platform integration)
2025-10-30 22:45:32|INFO|org.springframework.orm.jpa.LocalContainerEntityManagerFactoryBean|Initialized JPA EntityManagerFactory for persistence unit 'default'
2025-10-30 22:45:32|WARN|org.springframework.boot.autoconfigure.orm.jpa.JpaBaseConfiguration$JpaWebConfiguration|spring.jpa.open-in-view is enabled by default. Therefore, database queries may be performed during view rendering. Explicitly configure spring.jpa.open-in-view to disable this warning
2025-10-30 22:45:32|INFO|org.springframework.boot.devtools.autoconfigure.OptionalLiveReloadServer|LiveReload server is running on port 35729
2025-10-30 22:45:32|INFO|org.springframework.boot.web.embedded.tomcat.TomcatWebServer|Tomcat started on port 8080 (http) with context path '/'
2025-10-30 22:45:32|INFO|com.seanjefferies.addressable.AddressableApplication|Started AddressableApplication in 0.171 seconds (process running for 1529.058)
2025-10-30 22:45:32|INFO|com.seanjefferies.addressable.util.InitializeData|Initializing Addressible application...
2025-10-30 22:45:33|INFO|org.springframework.boot.devtools.autoconfigure.ConditionEvaluationDeltaLoggingListener|Condition evaluation unchanged
2025-10-30 22:47:33|INFO|org.springframework.boot.web.embedded.tomcat.GracefulShutdown|Commencing graceful shutdown. Waiting for active requests to complete
2025-10-30 22:47:33|INFO|org.springframework.boot.web.embedded.tomcat.GracefulShutdown|Graceful shutdown complete
2025-10-30 22:47:33|INFO|org.springframework.orm.jpa.LocalContainerEntityManagerFactoryBean|Closing JPA EntityManagerFactory for persistence unit 'default'
2025-10-30 22:47:33|INFO|com.zaxxer.hikari.HikariDataSource|HikariPool-3 - Shutdown initiated...
2025-10-30 22:47:33|INFO|com.zaxxer.hikari.HikariDataSource|HikariPool-3 - Shutdown completed.
2025-10-30 22:47:34|INFO|com.seanjefferies.addressable.AddressableApplication|Starting AddressableApplication using Java 24.0.2 with PID 57526 (/Users/seanjefferies/workspace/addressable/target/classes started by seanjefferies in /Users/seanjefferies/workspace/addressable)
2025-10-30 22:47:34|INFO|com.seanjefferies.addressable.AddressableApplication|No active profile set, falling back to 1 default profile: "default"
2025-10-30 22:47:34|INFO|org.springframework.boot.devtools.env.DevToolsPropertyDefaultsPostProcessor|Devtools property defaults active! Set 'spring.devtools.add-properties' to 'false' to disable
2025-10-30 22:47:34|INFO|org.springframework.boot.devtools.env.DevToolsPropertyDefaultsPostProcessor|For additional web related logging consider setting the 'logging.level.web' property to 'DEBUG'
2025-10-30 22:47:34|INFO|org.springframework.data.repository.config.RepositoryConfigurationDelegate|Bootstrapping Spring Data JPA repositories in DEFAULT mode.
2025-10-30 22:47:34|INFO|org.springframework.data.repository.config.RepositoryConfigurationDelegate|Finished Spring Data repository scanning in 15 ms. Found 2 JPA repository interfaces.
2025-10-30 22:47:34|INFO|org.springframework.boot.web.embedded.tomcat.TomcatWebServer|Tomcat initialized with port 8080 (http)
2025-10-30 22:47:34|INFO|org.apache.catalina.core.StandardService|Starting service [Tomcat]
2025-10-30 22:47:34|INFO|org.apache.catalina.core.StandardEngine|Starting Servlet engine: [Apache Tomcat/10.1.48]
2025-10-30 22:47:34|INFO|org.apache.catalina.core.ContainerBase.[Tomcat].[localhost].[/]|Initializing Spring embedded WebApplicationContext
2025-10-30 22:47:34|INFO|org.springframework.boot.web.servlet.context.ServletWebServerApplicationContext|Root WebApplicationContext: initialization completed in 351 ms
2025-10-30 22:47:34|INFO|org.hibernate.jpa.internal.util.LogHelper|HHH000204: Processing PersistenceUnitInfo [name: default]
2025-10-30 22:47:34|INFO|org.hibernate.Version|HHH000412: Hibernate ORM core version 6.6.33.Final
2025-10-30 22:47:34|INFO|org.hibernate.cache.internal.RegionFactoryInitiator|HHH000026: Second-level cache disabled
2025-10-30 22:47:35|INFO|org.springframework.orm.jpa.persistenceunit.SpringPersistenceUnitInfo|No LoadTimeWeaver setup: ignoring JPA class transformer
2025-10-30 22:47:35|INFO|com.zaxxer.hikari.HikariDataSource|HikariPool-1 - Starting...
2025-10-30 22:47:35|INFO|com.zaxxer.hikari.pool.HikariPool|HikariPool-1 - Added connection org.sqlite.jdbc4.JDBC4Connection@54695fec
2025-10-30 22:47:35|INFO|com.zaxxer.hikari.HikariDataSource|HikariPool-1 - Start completed.
2025-10-30 22:47:35|INFO|org.hibernate.orm.connections.pooling|HHH10001005: Database info:
	Database JDBC URL [Connecting through datasource 'HikariDataSource (HikariPool-1)']
	Database driver: undefined/unknown
	Database version: 3.45
	Autocommit mode: undefined/unknown
	Isolation level: undefined/unknown
	Minimum pool size: undefined/unknown
	Maximum pool size: undefined/unknown
2025-10-30 22:47:35|INFO|org.hibernate.engine.transaction.jta.platform.internal.JtaPlatformInitiator|HHH000489: No JTA platform available (set 'hibernate.transaction.jta.platform' to enable JTA platform integration)
2025-10-30 22:47:35|INFO|org.springframework.orm.jpa.LocalContainerEntityManagerFactoryBean|Initialized JPA EntityManagerFactory for persistence unit 'default'
2025-10-30 22:47:35|INFO|org.springframework.data.jpa.repository.query.QueryEnhancerFactory|Hibernate is in classpath; If applicable, HQL parser will be used.
2025-10-30 22:47:35|WARN|org.springframework.boot.autoconfigure.orm.jpa.JpaBaseConfiguration$JpaWebConfiguration|spring.jpa.open-in-view is enabled by default. Therefore, database queries may be performed during view rendering. Explicitly configure spring.jpa.open-in-view to disable this warning
2025-10-30 22:47:36|INFO|org.springframework.boot.devtools.autoconfigure.OptionalLiveReloadServer|LiveReload server is running on port 35729
2025-10-30 22:47:36|INFO|org.springframework.boot.web.embedded.tomcat.TomcatWebServer|Tomcat started on port 8080 (http) with context path '/'
2025-10-30 22:47:36|INFO|com.seanjefferies.addressable.AddressableApplication|Started AddressableApplication in 1.673 seconds (process running for 1.88)
2025-10-30 22:47:36|INFO|com.seanjefferies.addressable.util.InitializeData|Initializing Addressible application...
2025-10-30 22:47:36|ERROR|com.seanjefferies.addressable.util.InitializeData|[File: data1.txt; Date: 2025-10-30 22:47:36]:  Unable to parse address from line: 8174 Port Minas Tube Aft Capsule 517,Rivendell,GT,,
2025-10-30 22:47:36|ERROR|com.seanjefferies.addressable.util.InitializeData|[File: data1.txt; Date: 2025-10-30 22:47:36]:  Unable to parse address from line: 6212 Port Tatooine Podway Module 967Z,Hogwarts,BV,,
2025-10-30 22:48:03|INFO|org.apache.catalina.core.ContainerBase.[Tomcat].[localhost].[/]|Initializing Spring DispatcherServlet 'dispatcherServlet'
2025-10-30 22:48:03|INFO|org.springframework.web.servlet.DispatcherServlet|Initializing Servlet 'dispatcherServlet'
2025-10-30 22:48:03|INFO|org.springframework.web.servlet.DispatcherServlet|Completed initialization in 1 ms
2025-10-30 22:48:37|INFO|org.springframework.boot.web.embedded.tomcat.GracefulShutdown|Commencing graceful shutdown. Waiting for active requests to complete
2025-10-30 22:48:37|INFO|org.springframework.boot.web.embedded.tomcat.GracefulShutdown|Graceful shutdown complete
2025-10-30 22:48:37|INFO|org.springframework.orm.jpa.LocalContainerEntityManagerFactoryBean|Closing JPA EntityManagerFactory for persistence unit 'default'
2025-10-30 22:48:37|INFO|com.zaxxer.hikari.HikariDataSource|HikariPool-1 - Shutdown initiated...
2025-10-30 22:48:37|INFO|com.zaxxer.hikari.HikariDataSource|HikariPool-1 - Shutdown completed.
2025-10-30 22:48:50|INFO|com.seanjefferies.addressable.AddressableApplication|Starting AddressableApplication using Java 24.0.2 with PID 57545 (/Users/seanjefferies/workspace/addressable/target/classes started by seanjefferies in /Users/seanjefferies/workspace/addressable)
2025-10-30 22:48:50|INFO|com.seanjefferies.addressable.AddressableApplication|No active profile set, falling back to 1 default profile: "default"
2025-10-30 22:48:50|INFO|org.springframework.boot.devtools.env.DevToolsPropertyDefaultsPostProcessor|Devtools property defaults active! Set 'spring.devtools.add-properties' to 'false' to disable
2025-10-30 22:48:50|INFO|org.springframework.boot.devtools.env.DevToolsPropertyDefaultsPostProcessor|For additional web related logging consider setting the 'logging.level.web' property to 'DEBUG'
2025-10-30 22:48:50|INFO|org.springframework.data.repository.config.RepositoryConfigurationDelegate|Bootstrapping Spring Data JPA repositories in DEFAULT mode.
2025-10-30 22:48:50|INFO|org.springframework.data.repository.config.RepositoryConfigurationDelegate|Finished Spring Data repository scanning in 13 ms. Found 2 JPA repository interfaces.
2025-10-30 22:48:50|INFO|org.springframework.boot.web.embedded.tomcat.TomcatWebServer|Tomcat initialized with port 8080 (http)
2025-10-30 22:48:50|INFO|org.apache.catalina.core.StandardService|Starting service [Tomcat]
2025-10-30 22:48:50|INFO|org.apache.catalina.core.StandardEngine|Starting Servlet engine: [Apache Tomcat/10.1.48]
2025-10-30 22:48:50|INFO|org.apache.catalina.core.ContainerBase.[Tomcat].[localhost].[/]|Initializing Spring embedded WebApplicationContext
2025-10-30 22:48:50|INFO|org.springframework.boot.web.servlet.context.ServletWebServerApplicationContext|Root WebApplicationContext: initialization completed in 311 ms
2025-10-30 22:48:50|INFO|org.hibernate.jpa.internal.util.LogHelper|HHH000204: Processing PersistenceUnitInfo [name: default]
2025-10-30 22:48:50|INFO|org.hibernate.Version|HHH000412: Hibernate ORM core version 6.6.33.Final
2025-10-30 22:48:50|INFO|org.hibernate.cache.internal.RegionFactoryInitiator|HHH000026: Second-level cache disabled
2025-10-30 22:48:50|INFO|org.springframework.orm.jpa.persistenceunit.SpringPersistenceUnitInfo|No LoadTimeWeaver setup: ignoring JPA class transformer
2025-10-30 22:48:50|INFO|com.zaxxer.hikari.HikariDataSource|HikariPool-1 - Starting...
2025-10-30 22:48:50|INFO|com.zaxxer.hikari.pool.HikariPool|HikariPool-1 - Added connection org.sqlite.jdbc4.JDBC4Connection@76271252
2025-10-30 22:48:50|INFO|com.zaxxer.hikari.HikariDataSource|HikariPool-1 - Start completed.
2025-10-30 22:48:50|INFO|org.hibernate.orm.connections.pooling|HHH10001005: Database info:
	Database JDBC URL [Connecting through datasource 'HikariDataSource (HikariPool-1)']
	Database driver: undefined/unknown
	Database version: 3.45
	Autocommit mode: undefined/unknown
	Isolation level: undefined/unknown
	Minimum pool size: undefined/unknown
	Maximum pool size: undefined/unknown
2025-10-30 22:48:51|INFO|org.hibernate.engine.transaction.jta.platform.internal.JtaPlatformInitiator|HHH000489: No JTA platform available (set 'hibernate.transaction.jta.platform' to enable JTA platform integration)
2025-10-30 22:48:51|INFO|org.springframework.orm.jpa.LocalContainerEntityManagerFactoryBean|Initialized JPA EntityManagerFactory for persistence unit 'default'
2025-10-30 22:48:51|INFO|org.springframework.data.jpa.repository.query.QueryEnhancerFactory|Hibernate is in classpath; If applicable, HQL parser will be used.
2025-10-30 22:48:51|WARN|org.springframework.boot.autoconfigure.orm.jpa.JpaBaseConfiguration$JpaWebConfiguration|spring.jpa.open-in-view is enabled by default. Therefore, database queries may be performed during view rendering. Explicitly configure spring.jpa.open-in-view to disable this warning
2025-10-30 22:48:51|INFO|org.springframework.boot.devtools.autoconfigure.OptionalLiveReloadServer|LiveReload server is running on port 35729
2025-10-30 22:48:51|INFO|org.springframework.boot.web.embedded.tomcat.TomcatWebServer|Tomcat started on port 8080 (http) with context path '/'
2025-10-30 22:48:51|INFO|com.seanjefferies.addressable.AddressableApplication|Started AddressableApplication in 1.58 seconds (process running for 1.774)
2025-10-30 22:48:51|INFO|com.seanjefferies.addressable.util.InitializeData|Initializing Addressible application...
2025-10-30 22:48:52|ERROR|com.seanjefferies.addressable.util.InitializeData|[File: data1.txt; Date: 2025-10-30 22:48:51]:  Unable to parse address from line: 8174 Port Minas Tube Aft Capsule 517,Rivendell,GT,,
2025-10-30 22:48:52|ERROR|com.seanjefferies.addressable.util.InitializeData|[File: data1.txt; Date: 2025-10-30 22:48:51]:  Unable to parse address from line: 6212 Port Tatooine Podway Module 967Z,Hogwarts,BV,,
2025-10-30 22:49:00|INFO|org.apache.catalina.core.ContainerBase.[Tomcat].[localhost].[/]|Initializing Spring DispatcherServlet 'dispatcherServlet'
2025-10-30 22:49:00|INFO|org.springframework.web.servlet.DispatcherServlet|Initializing Servlet 'dispatcherServlet'
2025-10-30 22:49:00|INFO|org.springframework.web.servlet.DispatcherServlet|Completed initialization in 0 ms
2025-10-30 22:50:09|INFO|org.springframework.boot.web.embedded.tomcat.GracefulShutdown|Commencing graceful shutdown. Waiting for active requests to complete
2025-10-30 22:50:09|INFO|org.springframework.boot.web.embedded.tomcat.GracefulShutdown|Graceful shutdown complete
2025-10-30 22:50:09|INFO|org.springframework.orm.jpa.LocalContainerEntityManagerFactoryBean|Closing JPA EntityManagerFactory for persistence unit 'default'
2025-10-30 22:50:09|INFO|com.zaxxer.hikari.HikariDataSource|HikariPool-1 - Shutdown initiated...
2025-10-30 22:50:09|INFO|com.zaxxer.hikari.HikariDataSource|HikariPool-1 - Shutdown completed.
2025-10-30 22:50:11|INFO|com.seanjefferies.addressable.AddressableApplication|Starting AddressableApplication using Java 24.0.2 with PID 57567 (/Users/seanjefferies/workspace/addressable/target/classes started by seanjefferies in /Users/seanjefferies/workspace/addressable)
2025-10-30 22:50:11|INFO|com.seanjefferies.addressable.AddressableApplication|No active profile set, falling back to 1 default profile: "default"
2025-10-30 22:50:11|INFO|org.springframework.boot.devtools.env.DevToolsPropertyDefaultsPostProcessor|Devtools property defaults active! Set 'spring.devtools.add-properties' to 'false' to disable
2025-10-30 22:50:11|INFO|org.springframework.boot.devtools.env.DevToolsPropertyDefaultsPostProcessor|For additional web related logging consider setting the 'logging.level.web' property to 'DEBUG'
2025-10-30 22:50:11|INFO|org.springframework.data.repository.config.RepositoryConfigurationDelegate|Bootstrapping Spring Data JPA repositories in DEFAULT mode.
2025-10-30 22:50:11|INFO|org.springframework.data.repository.config.RepositoryConfigurationDelegate|Finished Spring Data repository scanning in 17 ms. Found 2 JPA repository interfaces.
2025-10-30 22:50:11|INFO|org.springframework.boot.web.embedded.tomcat.TomcatWebServer|Tomcat initialized with port 8080 (http)
2025-10-30 22:50:11|INFO|org.apache.catalina.core.StandardService|Starting service [Tomcat]
2025-10-30 22:50:11|INFO|org.apache.catalina.core.StandardEngine|Starting Servlet engine: [Apache Tomcat/10.1.48]
2025-10-30 22:50:11|INFO|org.apache.catalina.core.ContainerBase.[Tomcat].[localhost].[/]|Initializing Spring embedded WebApplicationContext
2025-10-30 22:50:11|INFO|org.springframework.boot.web.servlet.context.ServletWebServerApplicationContext|Root WebApplicationContext: initialization completed in 357 ms
2025-10-30 22:50:11|INFO|org.hibernate.jpa.internal.util.LogHelper|HHH000204: Processing PersistenceUnitInfo [name: default]
2025-10-30 22:50:11|INFO|org.hibernate.Version|HHH000412: Hibernate ORM core version 6.6.33.Final
2025-10-30 22:50:11|INFO|org.hibernate.cache.internal.RegionFactoryInitiator|HHH000026: Second-level cache disabled
2025-10-30 22:50:11|INFO|org.springframework.orm.jpa.persistenceunit.SpringPersistenceUnitInfo|No LoadTimeWeaver setup: ignoring JPA class transformer
2025-10-30 22:50:11|INFO|com.zaxxer.hikari.HikariDataSource|HikariPool-1 - Starting...
2025-10-30 22:50:11|INFO|com.zaxxer.hikari.pool.HikariPool|HikariPool-1 - Added connection org.sqlite.jdbc4.JDBC4Connection@2b81de4b
2025-10-30 22:50:11|INFO|com.zaxxer.hikari.HikariDataSource|HikariPool-1 - Start completed.
2025-10-30 22:50:11|INFO|org.hibernate.orm.connections.pooling|HHH10001005: Database info:
	Database JDBC URL [Connecting through datasource 'HikariDataSource (HikariPool-1)']
	Database driver: undefined/unknown
	Database version: 3.45
	Autocommit mode: undefined/unknown
	Isolation level: undefined/unknown
	Minimum pool size: undefined/unknown
	Maximum pool size: undefined/unknown
2025-10-30 22:50:12|INFO|org.hibernate.engine.transaction.jta.platform.internal.JtaPlatformInitiator|HHH000489: No JTA platform available (set 'hibernate.transaction.jta.platform' to enable JTA platform integration)
2025-10-30 22:50:12|INFO|org.springframework.orm.jpa.LocalContainerEntityManagerFactoryBean|Initialized JPA EntityManagerFactory for persistence unit 'default'
2025-10-30 22:50:12|INFO|org.springframework.data.jpa.repository.query.QueryEnhancerFactory|Hibernate is in classpath; If applicable, HQL parser will be used.
2025-10-30 22:50:12|WARN|org.springframework.boot.autoconfigure.orm.jpa.JpaBaseConfiguration$JpaWebConfiguration|spring.jpa.open-in-view is enabled by default. Therefore, database queries may be performed during view rendering. Explicitly configure spring.jpa.open-in-view to disable this warning
2025-10-30 22:50:12|INFO|org.springframework.boot.devtools.autoconfigure.OptionalLiveReloadServer|LiveReload server is running on port 35729
2025-10-30 22:50:12|INFO|org.springframework.boot.web.embedded.tomcat.TomcatWebServer|Tomcat started on port 8080 (http) with context path '/'
2025-10-30 22:50:12|INFO|com.seanjefferies.addressable.AddressableApplication|Started AddressableApplication in 1.711 seconds (process running for 1.911)
2025-10-30 22:50:12|INFO|com.seanjefferies.addressable.util.InitializeData|Initializing Addressible application...
2025-10-30 22:50:13|ERROR|com.seanjefferies.addressable.util.InitializeData|[File: data1.txt; Date: 2025-10-30 22:50:12]:  Unable to parse address from line: 8174 Port Minas Tube Aft Capsule 517,Rivendell,GT,,
2025-10-30 22:50:13|ERROR|com.seanjefferies.addressable.util.InitializeData|[File: data1.txt; Date: 2025-10-30 22:50:12]:  Unable to parse address from line: 6212 Port Tatooine Podway Module 967Z,Hogwarts,BV,,
2025-10-30 22:50:26|INFO|org.apache.catalina.core.ContainerBase.[Tomcat].[localhost].[/]|Initializing Spring DispatcherServlet 'dispatcherServlet'
2025-10-30 22:50:26|INFO|org.springframework.web.servlet.DispatcherServlet|Initializing Servlet 'dispatcherServlet'
2025-10-30 22:50:26|INFO|org.springframework.web.servlet.DispatcherServlet|Completed initialization in 1 ms
2025-10-30 22:50:27|INFO|org.springframework.boot.devtools.autoconfigure.LocalDevToolsAutoConfiguration$RestartingClassPathChangeChangedEventListener|Restarting due to 1 class path change (0 additions, 0 deletions, 1 modification)
2025-10-30 22:50:27|INFO|org.springframework.boot.web.embedded.tomcat.GracefulShutdown|Commencing graceful shutdown. Waiting for active requests to complete
2025-10-30 22:50:27|INFO|org.springframework.boot.web.embedded.tomcat.GracefulShutdown|Graceful shutdown complete
2025-10-30 22:50:27|INFO|org.springframework.orm.jpa.LocalContainerEntityManagerFactoryBean|Closing JPA EntityManagerFactory for persistence unit 'default'
2025-10-30 22:50:27|INFO|com.zaxxer.hikari.HikariDataSource|HikariPool-1 - Shutdown initiated...
2025-10-30 22:50:27|INFO|com.zaxxer.hikari.HikariDataSource|HikariPool-1 - Shutdown completed.
2025-10-30 22:50:27|INFO|com.seanjefferies.addressable.AddressableApplication|Starting AddressableApplication using Java 24.0.2 with PID 57567 (/Users/seanjefferies/workspace/addressable/target/classes started by seanjefferies in /Users/seanjefferies/workspace/addressable)
2025-10-30 22:50:27|INFO|com.seanjefferies.addressable.AddressableApplication|No active profile set, falling back to 1 default profile: "default"
2025-10-30 22:50:27|INFO|org.springframework.data.repository.config.RepositoryConfigurationDelegate|Bootstrapping Spring Data JPA repositories in DEFAULT mode.
2025-10-30 22:50:27|INFO|org.springframework.data.repository.config.RepositoryConfigurationDelegate|Finished Spring Data repository scanning in 2 ms. Found 2 JPA repository interfaces.
2025-10-30 22:50:27|INFO|org.springframework.boot.web.embedded.tomcat.TomcatWebServer|Tomcat initialized with port 8080 (http)
2025-10-30 22:50:27|INFO|org.apache.catalina.core.StandardService|Starting service [Tomcat]
2025-10-30 22:50:27|INFO|org.apache.catalina.core.StandardEngine|Starting Servlet engine: [Apache Tomcat/10.1.48]
2025-10-30 22:50:27|INFO|org.apache.catalina.core.ContainerBase.[Tomcat].[localhost].[/]|Initializing Spring embedded WebApplicationContext
2025-10-30 22:50:27|INFO|org.springframework.boot.web.servlet.context.ServletWebServerApplicationContext|Root WebApplicationContext: initialization completed in 65 ms
2025-10-30 22:50:27|INFO|org.hibernate.jpa.internal.util.LogHelper|HHH000204: Processing PersistenceUnitInfo [name: default]
2025-10-30 22:50:27|INFO|org.hibernate.cache.internal.RegionFactoryInitiator|HHH000026: Second-level cache disabled
2025-10-30 22:50:27|INFO|org.springframework.orm.jpa.persistenceunit.SpringPersistenceUnitInfo|No LoadTimeWeaver setup: ignoring JPA class transformer
2025-10-30 22:50:27|INFO|com.zaxxer.hikari.HikariDataSource|HikariPool-2 - Starting...
2025-10-30 22:50:27|INFO|com.zaxxer.hikari.pool.HikariPool|HikariPool-2 - Added connection org.sqlite.jdbc4.JDBC4Connection@7412af05
2025-10-30 22:50:27|INFO|com.zaxxer.hikari.HikariDataSource|HikariPool-2 - Start completed.
2025-10-30 22:50:27|INFO|org.hibernate.orm.connections.pooling|HHH10001005: Database info:
	Database JDBC URL [Connecting through datasource 'HikariDataSource (HikariPool-2)']
	Database driver: undefined/unknown
	Database version: 3.45
	Autocommit mode: undefined/unknown
	Isolation level: undefined/unknown
	Minimum pool size: undefined/unknown
	Maximum pool size: undefined/unknown
2025-10-30 22:50:27|INFO|org.hibernate.engine.transaction.jta.platform.internal.JtaPlatformInitiator|HHH000489: No JTA platform available (set 'hibernate.transaction.jta.platform' to enable JTA platform integration)
2025-10-30 22:50:27|INFO|org.springframework.orm.jpa.LocalContainerEntityManagerFactoryBean|Initialized JPA EntityManagerFactory for persistence unit 'default'
2025-10-30 22:50:27|WARN|org.springframework.boot.autoconfigure.orm.jpa.JpaBaseConfiguration$JpaWebConfiguration|spring.jpa.open-in-view is enabled by default. Therefore, database queries may be performed during view rendering. Explicitly configure spring.jpa.open-in-view to disable this warning
2025-10-30 22:50:27|INFO|org.springframework.boot.devtools.autoconfigure.OptionalLiveReloadServer|LiveReload server is running on port 35729
2025-10-30 22:50:27|INFO|org.springframework.boot.web.embedded.tomcat.TomcatWebServer|Tomcat started on port 8080 (http) with context path '/'
2025-10-30 22:50:27|INFO|com.seanjefferies.addressable.AddressableApplication|Started AddressableApplication in 0.174 seconds (process running for 16.703)
2025-10-30 22:50:27|INFO|com.seanjefferies.addressable.util.InitializeData|Initializing Addressible application...
2025-10-30 22:50:28|INFO|org.springframework.boot.devtools.autoconfigure.ConditionEvaluationDeltaLoggingListener|Condition evaluation unchanged
2025-10-30 22:50:30|INFO|org.apache.catalina.core.ContainerBase.[Tomcat].[localhost].[/]|Initializing Spring DispatcherServlet 'dispatcherServlet'
2025-10-30 22:50:30|INFO|org.springframework.web.servlet.DispatcherServlet|Initializing Servlet 'dispatcherServlet'
2025-10-30 22:50:30|INFO|org.springframework.web.servlet.DispatcherServlet|Completed initialization in 1 ms
2025-10-30 22:50:43|INFO|org.springframework.boot.web.embedded.tomcat.GracefulShutdown|Commencing graceful shutdown. Waiting for active requests to complete
2025-10-30 22:50:43|INFO|org.springframework.boot.web.embedded.tomcat.GracefulShutdown|Graceful shutdown complete
2025-10-30 22:50:43|INFO|org.springframework.orm.jpa.LocalContainerEntityManagerFactoryBean|Closing JPA EntityManagerFactory for persistence unit 'default'
2025-10-30 22:50:43|INFO|com.zaxxer.hikari.HikariDataSource|HikariPool-2 - Shutdown initiated...
2025-10-30 22:50:43|INFO|com.zaxxer.hikari.HikariDataSource|HikariPool-2 - Shutdown completed.
2025-10-30 22:51:10|INFO|com.seanjefferies.addressable.AddressableApplication|Starting AddressableApplication using Java 24.0.2 with PID 57603 (/Users/seanjefferies/workspace/addressable/target/classes started by seanjefferies in /Users/seanjefferies/workspace/addressable)
2025-10-30 22:51:10|INFO|com.seanjefferies.addressable.AddressableApplication|No active profile set, falling back to 1 default profile: "default"
2025-10-30 22:51:10|INFO|org.springframework.boot.devtools.env.DevToolsPropertyDefaultsPostProcessor|Devtools property defaults active! Set 'spring.devtools.add-properties' to 'false' to disable
2025-10-30 22:51:10|INFO|org.springframework.boot.devtools.env.DevToolsPropertyDefaultsPostProcessor|For additional web related logging consider setting the 'logging.level.web' property to 'DEBUG'
2025-10-30 22:51:10|INFO|org.springframework.data.repository.config.RepositoryConfigurationDelegate|Bootstrapping Spring Data JPA repositories in DEFAULT mode.
2025-10-30 22:51:10|INFO|org.springframework.data.repository.config.RepositoryConfigurationDelegate|Finished Spring Data repository scanning in 13 ms. Found 2 JPA repository interfaces.
2025-10-30 22:51:10|INFO|org.springframework.boot.web.embedded.tomcat.TomcatWebServer|Tomcat initialized with port 8080 (http)
2025-10-30 22:51:10|INFO|org.apache.catalina.core.StandardService|Starting service [Tomcat]
2025-10-30 22:51:10|INFO|org.apache.catalina.core.StandardEngine|Starting Servlet engine: [Apache Tomcat/10.1.48]
2025-10-30 22:51:10|INFO|org.apache.catalina.core.ContainerBase.[Tomcat].[localhost].[/]|Initializing Spring embedded WebApplicationContext
2025-10-30 22:51:10|INFO|org.springframework.boot.web.servlet.context.ServletWebServerApplicationContext|Root WebApplicationContext: initialization completed in 311 ms
2025-10-30 22:51:10|INFO|org.hibernate.jpa.internal.util.LogHelper|HHH000204: Processing PersistenceUnitInfo [name: default]
2025-10-30 22:51:10|INFO|org.hibernate.Version|HHH000412: Hibernate ORM core version 6.6.33.Final
2025-10-30 22:51:10|INFO|org.hibernate.cache.internal.RegionFactoryInitiator|HHH000026: Second-level cache disabled
2025-10-30 22:51:11|INFO|org.springframework.orm.jpa.persistenceunit.SpringPersistenceUnitInfo|No LoadTimeWeaver setup: ignoring JPA class transformer
2025-10-30 22:51:11|INFO|com.zaxxer.hikari.HikariDataSource|HikariPool-1 - Starting...
2025-10-30 22:51:11|INFO|com.zaxxer.hikari.pool.HikariPool|HikariPool-1 - Added connection org.sqlite.jdbc4.JDBC4Connection@aa91bc0
2025-10-30 22:51:11|INFO|com.zaxxer.hikari.HikariDataSource|HikariPool-1 - Start completed.
2025-10-30 22:51:11|INFO|org.hibernate.orm.connections.pooling|HHH10001005: Database info:
	Database JDBC URL [Connecting through datasource 'HikariDataSource (HikariPool-1)']
	Database driver: undefined/unknown
	Database version: 3.45
	Autocommit mode: undefined/unknown
	Isolation level: undefined/unknown
	Minimum pool size: undefined/unknown
	Maximum pool size: undefined/unknown
2025-10-30 22:51:11|INFO|org.hibernate.engine.transaction.jta.platform.internal.JtaPlatformInitiator|HHH000489: No JTA platform available (set 'hibernate.transaction.jta.platform' to enable JTA platform integration)
2025-10-30 22:51:11|INFO|org.springframework.orm.jpa.LocalContainerEntityManagerFactoryBean|Initialized JPA EntityManagerFactory for persistence unit 'default'
2025-10-30 22:51:11|INFO|org.springframework.data.jpa.repository.query.QueryEnhancerFactory|Hibernate is in classpath; If applicable, HQL parser will be used.
2025-10-30 22:51:11|WARN|org.springframework.boot.autoconfigure.orm.jpa.JpaBaseConfiguration$JpaWebConfiguration|spring.jpa.open-in-view is enabled by default. Therefore, database queries may be performed during view rendering. Explicitly configure spring.jpa.open-in-view to disable this warning
2025-10-30 22:51:11|INFO|org.springframework.boot.devtools.autoconfigure.OptionalLiveReloadServer|LiveReload server is running on port 35729
2025-10-30 22:51:11|INFO|org.springframework.boot.web.embedded.tomcat.TomcatWebServer|Tomcat started on port 8080 (http) with context path '/'
2025-10-30 22:51:11|INFO|com.seanjefferies.addressable.AddressableApplication|Started AddressableApplication in 1.58 seconds (process running for 1.776)
2025-10-30 22:51:11|INFO|com.seanjefferies.addressable.util.InitializeData|Initializing Addressible application...
2025-10-30 22:51:15|INFO|org.apache.catalina.core.ContainerBase.[Tomcat].[localhost].[/]|Initializing Spring DispatcherServlet 'dispatcherServlet'
2025-10-30 22:51:15|INFO|org.springframework.web.servlet.DispatcherServlet|Initializing Servlet 'dispatcherServlet'
2025-10-30 22:51:15|INFO|org.springframework.web.servlet.DispatcherServlet|Completed initialization in 1 ms
2025-10-30 22:53:35|INFO|org.springframework.boot.web.embedded.tomcat.GracefulShutdown|Commencing graceful shutdown. Waiting for active requests to complete
2025-10-30 22:53:35|INFO|org.springframework.boot.web.embedded.tomcat.GracefulShutdown|Graceful shutdown complete
2025-10-30 22:53:35|INFO|org.springframework.orm.jpa.LocalContainerEntityManagerFactoryBean|Closing JPA EntityManagerFactory for persistence unit 'default'
2025-10-30 22:53:35|INFO|com.zaxxer.hikari.HikariDataSource|HikariPool-1 - Shutdown initiated...
2025-10-30 22:53:35|INFO|com.zaxxer.hikari.HikariDataSource|HikariPool-1 - Shutdown completed.
2025-10-30 22:53:39|INFO|com.seanjefferies.addressable.AddressableApplication|Starting AddressableApplication using Java 24.0.2 with PID 57651 (/Users/seanjefferies/workspace/addressable/target/classes started by seanjefferies in /Users/seanjefferies/workspace/addressable)
2025-10-30 22:53:39|INFO|com.seanjefferies.addressable.AddressableApplication|No active profile set, falling back to 1 default profile: "default"
2025-10-30 22:53:39|INFO|org.springframework.boot.devtools.env.DevToolsPropertyDefaultsPostProcessor|Devtools property defaults active! Set 'spring.devtools.add-properties' to 'false' to disable
2025-10-30 22:53:39|INFO|org.springframework.boot.devtools.env.DevToolsPropertyDefaultsPostProcessor|For additional web related logging consider setting the 'logging.level.web' property to 'DEBUG'
2025-10-30 22:53:39|INFO|org.springframework.data.repository.config.RepositoryConfigurationDelegate|Bootstrapping Spring Data JPA repositories in DEFAULT mode.
2025-10-30 22:53:39|INFO|org.springframework.data.repository.config.RepositoryConfigurationDelegate|Finished Spring Data repository scanning in 15 ms. Found 2 JPA repository interfaces.
2025-10-30 22:53:39|INFO|org.springframework.boot.web.embedded.tomcat.TomcatWebServer|Tomcat initialized with port 8080 (http)
2025-10-30 22:53:39|INFO|org.apache.catalina.core.StandardService|Starting service [Tomcat]
2025-10-30 22:53:39|INFO|org.apache.catalina.core.StandardEngine|Starting Servlet engine: [Apache Tomcat/10.1.48]
2025-10-30 22:53:39|INFO|org.apache.catalina.core.ContainerBase.[Tomcat].[localhost].[/]|Initializing Spring embedded WebApplicationContext
2025-10-30 22:53:39|INFO|org.springframework.boot.web.servlet.context.ServletWebServerApplicationContext|Root WebApplicationContext: initialization completed in 337 ms
2025-10-30 22:53:39|INFO|org.hibernate.jpa.internal.util.LogHelper|HHH000204: Processing PersistenceUnitInfo [name: default]
2025-10-30 22:53:39|INFO|org.hibernate.Version|HHH000412: Hibernate ORM core version 6.6.33.Final
2025-10-30 22:53:39|INFO|org.hibernate.cache.internal.RegionFactoryInitiator|HHH000026: Second-level cache disabled
2025-10-30 22:53:39|INFO|org.springframework.orm.jpa.persistenceunit.SpringPersistenceUnitInfo|No LoadTimeWeaver setup: ignoring JPA class transformer
2025-10-30 22:53:39|INFO|com.zaxxer.hikari.HikariDataSource|HikariPool-1 - Starting...
2025-10-30 22:53:40|INFO|com.zaxxer.hikari.pool.HikariPool|HikariPool-1 - Added connection org.sqlite.jdbc4.JDBC4Connection@6e5b720b
2025-10-30 22:53:40|INFO|com.zaxxer.hikari.HikariDataSource|HikariPool-1 - Start completed.
2025-10-30 22:53:40|INFO|org.hibernate.orm.connections.pooling|HHH10001005: Database info:
	Database JDBC URL [Connecting through datasource 'HikariDataSource (HikariPool-1)']
	Database driver: undefined/unknown
	Database version: 3.45
	Autocommit mode: undefined/unknown
	Isolation level: undefined/unknown
	Minimum pool size: undefined/unknown
	Maximum pool size: undefined/unknown
2025-10-30 22:53:40|INFO|org.hibernate.engine.transaction.jta.platform.internal.JtaPlatformInitiator|HHH000489: No JTA platform available (set 'hibernate.transaction.jta.platform' to enable JTA platform integration)
2025-10-30 22:53:40|INFO|org.springframework.orm.jpa.LocalContainerEntityManagerFactoryBean|Initialized JPA EntityManagerFactory for persistence unit 'default'
2025-10-30 22:53:40|INFO|org.springframework.data.jpa.repository.query.QueryEnhancerFactory|Hibernate is in classpath; If applicable, HQL parser will be used.
2025-10-30 22:53:40|WARN|org.springframework.boot.autoconfigure.orm.jpa.JpaBaseConfiguration$JpaWebConfiguration|spring.jpa.open-in-view is enabled by default. Therefore, database queries may be performed during view rendering. Explicitly configure spring.jpa.open-in-view to disable this warning
2025-10-30 22:53:40|INFO|org.springframework.boot.devtools.autoconfigure.OptionalLiveReloadServer|LiveReload server is running on port 35729
2025-10-30 22:53:40|INFO|org.springframework.boot.web.embedded.tomcat.TomcatWebServer|Tomcat started on port 8080 (http) with context path '/'
2025-10-30 22:53:40|INFO|com.seanjefferies.addressable.AddressableApplication|Started AddressableApplication in 1.649 seconds (process running for 1.849)
2025-10-30 22:53:40|INFO|com.seanjefferies.addressable.util.InitializeData|Initializing Addressible application...
2025-10-30 22:54:19|INFO|org.apache.catalina.core.ContainerBase.[Tomcat].[localhost].[/]|Initializing Spring DispatcherServlet 'dispatcherServlet'
2025-10-30 22:54:19|INFO|org.springframework.web.servlet.DispatcherServlet|Initializing Servlet 'dispatcherServlet'
2025-10-30 22:54:19|INFO|org.springframework.web.servlet.DispatcherServlet|Completed initialization in 1 ms
2025-10-30 22:54:20|INFO|org.springframework.boot.devtools.autoconfigure.LocalDevToolsAutoConfiguration$RestartingClassPathChangeChangedEventListener|Restarting due to 1 class path change (0 additions, 0 deletions, 1 modification)
2025-10-30 22:54:20|INFO|org.springframework.boot.web.embedded.tomcat.GracefulShutdown|Commencing graceful shutdown. Waiting for active requests to complete
2025-10-30 22:54:20|INFO|org.springframework.boot.web.embedded.tomcat.GracefulShutdown|Graceful shutdown complete
2025-10-30 22:54:20|INFO|org.springframework.orm.jpa.LocalContainerEntityManagerFactoryBean|Closing JPA EntityManagerFactory for persistence unit 'default'
2025-10-30 22:54:20|INFO|com.zaxxer.hikari.HikariDataSource|HikariPool-1 - Shutdown initiated...
2025-10-30 22:54:20|INFO|com.zaxxer.hikari.HikariDataSource|HikariPool-1 - Shutdown completed.
2025-10-30 22:54:20|INFO|com.seanjefferies.addressable.AddressableApplication|Starting AddressableApplication using Java 24.0.2 with PID 57651 (/Users/seanjefferies/workspace/addressable/target/classes started by seanjefferies in /Users/seanjefferies/workspace/addressable)
2025-10-30 22:54:20|INFO|com.seanjefferies.addressable.AddressableApplication|No active profile set, falling back to 1 default profile: "default"
2025-10-30 22:54:20|INFO|org.springframework.data.repository.config.RepositoryConfigurationDelegate|Bootstrapping Spring Data JPA repositories in DEFAULT mode.
2025-10-30 22:54:20|INFO|org.springframework.data.repository.config.RepositoryConfigurationDelegate|Finished Spring Data repository scanning in 2 ms. Found 2 JPA repository interfaces.
2025-10-30 22:54:20|INFO|org.springframework.boot.web.embedded.tomcat.TomcatWebServer|Tomcat initialized with port 8080 (http)
2025-10-30 22:54:20|INFO|org.apache.catalina.core.StandardService|Starting service [Tomcat]
2025-10-30 22:54:20|INFO|org.apache.catalina.core.StandardEngine|Starting Servlet engine: [Apache Tomcat/10.1.48]
2025-10-30 22:54:20|INFO|org.apache.catalina.core.ContainerBase.[Tomcat].[localhost].[/]|Initializing Spring embedded WebApplicationContext
2025-10-30 22:54:20|INFO|org.springframework.boot.web.servlet.context.ServletWebServerApplicationContext|Root WebApplicationContext: initialization completed in 71 ms
2025-10-30 22:54:20|INFO|org.hibernate.jpa.internal.util.LogHelper|HHH000204: Processing PersistenceUnitInfo [name: default]
2025-10-30 22:54:20|INFO|org.hibernate.cache.internal.RegionFactoryInitiator|HHH000026: Second-level cache disabled
2025-10-30 22:54:20|INFO|org.springframework.orm.jpa.persistenceunit.SpringPersistenceUnitInfo|No LoadTimeWeaver setup: ignoring JPA class transformer
2025-10-30 22:54:20|INFO|com.zaxxer.hikari.HikariDataSource|HikariPool-2 - Starting...
2025-10-30 22:54:20|INFO|com.zaxxer.hikari.pool.HikariPool|HikariPool-2 - Added connection org.sqlite.jdbc4.JDBC4Connection@75bdfd64
2025-10-30 22:54:20|INFO|com.zaxxer.hikari.HikariDataSource|HikariPool-2 - Start completed.
2025-10-30 22:54:20|INFO|org.hibernate.orm.connections.pooling|HHH10001005: Database info:
	Database JDBC URL [Connecting through datasource 'HikariDataSource (HikariPool-2)']
	Database driver: undefined/unknown
	Database version: 3.45
	Autocommit mode: undefined/unknown
	Isolation level: undefined/unknown
	Minimum pool size: undefined/unknown
	Maximum pool size: undefined/unknown
2025-10-30 22:54:20|INFO|org.hibernate.engine.transaction.jta.platform.internal.JtaPlatformInitiator|HHH000489: No JTA platform available (set 'hibernate.transaction.jta.platform' to enable JTA platform integration)
2025-10-30 22:54:20|INFO|org.springframework.orm.jpa.LocalContainerEntityManagerFactoryBean|Initialized JPA EntityManagerFactory for persistence unit 'default'
2025-10-30 22:54:20|WARN|org.springframework.boot.autoconfigure.orm.jpa.JpaBaseConfiguration$JpaWebConfiguration|spring.jpa.open-in-view is enabled by default. Therefore, database queries may be performed during view rendering. Explicitly configure spring.jpa.open-in-view to disable this warning
2025-10-30 22:54:20|INFO|org.springframework.boot.devtools.autoconfigure.OptionalLiveReloadServer|LiveReload server is running on port 35729
2025-10-30 22:54:20|INFO|org.springframework.boot.web.embedded.tomcat.TomcatWebServer|Tomcat started on port 8080 (http) with context path '/'
2025-10-30 22:54:20|INFO|com.seanjefferies.addressable.AddressableApplication|Started AddressableApplication in 0.179 seconds (process running for 41.866)
2025-10-30 22:54:20|INFO|com.seanjefferies.addressable.util.InitializeData|Initializing Addressible application...
2025-10-30 22:54:21|INFO|org.springframework.boot.devtools.autoconfigure.ConditionEvaluationDeltaLoggingListener|Condition evaluation unchanged
